<?xml version="1.0" encoding="UTF-8"?>
<!-- Generated by org.testng.reporters.JUnitXMLReporter -->
<testsuite hostname="LAPTOP-L3V1GTL6" name="FirefoxTest" tests="2" failures="1" timestamp="7 Apr 2021 16:27:56 GMT" time="25.961" errors="0">
  <testcase name="@AfterMethod exit" time="0.0" classname="testcase.TC_01">
    <failure type="java.io.FileNotFoundException" message=".\Screenshot0410\04:07:2021:21:56:42.png (The filename, directory name, or volume label syntax is incorrect)">
      <![CDATA[java.io.FileNotFoundException: .\Screenshot0410\04:07:2021:21:56:42.png (The filename, directory name, or volume label syntax is incorrect)
	at java.io.FileOutputStream.open0(Native Method)
	at java.io.FileOutputStream.open(FileOutputStream.java:270)
	at java.io.FileOutputStream.<init>(FileOutputStream.java:213)
	at com.google.common.io.Files$FileByteSink.openStream(Files.java:192)
	at com.google.common.io.Files$FileByteSink.openStream(Files.java:180)
	at com.google.common.io.ByteSource.copyTo(ByteSource.java:268)
	at com.google.common.io.Files.copy(Files.java:319)
	at utilities.Screenshot1.screen(Screenshot1.java:20)
	at testcase.Baseclass.exit(Baseclass.java:60)
	at java.util.concurrent.ThreadPoolExecutor.runWorker(ThreadPoolExecutor.java:1149)
	at java.util.concurrent.ThreadPoolExecutor$Worker.run(ThreadPoolExecutor.java:624)
	at java.lang.Thread.run(Thread.java:748)
... Removed 12 stack frames]]>
    </failure>
  </testcase> <!-- @AfterMethod exit -->
  <testcase name="@BeforeMethod setup" time="0.0" classname="testcase.TC_01">
    <skipped/>
  </testcase> <!-- @BeforeMethod setup -->
  <testcase name="@AfterMethod exit" time="0.0" classname="testcase.TC_01">
    <skipped/>
  </testcase> <!-- @AfterMethod exit -->
  <testcase name="tc1" time="5.365" classname="testcase.TC_01">
    <failure type="org.openqa.selenium.ElementClickInterceptedException" message="Element &amp;lt;div id=&amp;quot;addTaskButtonId&amp;quot; class=&amp;quot;addTaskButton enabled&amp;quot;&amp;gt; is not clickable at point (699,295) because another element &amp;lt;div id=&amp;quot;preInsertedTransformedMoireId&amp;quot; class=&amp;quot;transformedMoireClass&amp;quot;&amp;gt; obscures it
Build info: version: &amp;apos;3.141.59&amp;apos;, revision: &amp;apos;e82be7d358&amp;apos;, time: &amp;apos;2018-11-14T08:17:03&amp;apos;
System info: host: &amp;apos;LAPTOP-L3V1GTL6&amp;apos;, ip: &amp;apos;192.168.29.133&amp;apos;, os.name: &amp;apos;Windows 10&amp;apos;, os.arch: &amp;apos;amd64&amp;apos;, os.version: &amp;apos;10.0&amp;apos;, java.version: &amp;apos;1.8.0_261&amp;apos;
Driver info: org.openqa.selenium.firefox.FirefoxDriver
Capabilities {acceptInsecureCerts: true, browserName: firefox, browserVersion: 85.0, javascriptEnabled: true, moz:accessibilityChecks: false, moz:buildID: 20210118153634, moz:geckodriverVersion: 0.27.0, moz:headless: false, moz:processID: 27580, moz:profile: C:\Users\shiba\AppData\Loca..., moz:shutdownTimeout: 60000, moz:useNonSpecCompliantPointerOrigin: false, moz:webdriverClick: true, pageLoadStrategy: normal, platform: WINDOWS, platformName: WINDOWS, platformVersion: 10.0, rotatable: false, setWindowRect: true, strictFileInteractability: false, timeouts: {implicit: 0, pageLoad: 300000, script: 30000}, unhandledPromptBehavior: dismiss and notify}
Session ID: d20dc9e6-ba8b-4f8e-9bb7-59ae67f31dec">
      <![CDATA[org.openqa.selenium.ElementClickInterceptedException: Element <div id="addTaskButtonId" class="addTaskButton enabled"> is not clickable at point (699,295) because another element <div id="preInsertedTransformedMoireId" class="transformedMoireClass"> obscures it
Build info: version: '3.141.59', revision: 'e82be7d358', time: '2018-11-14T08:17:03'
System info: host: 'LAPTOP-L3V1GTL6', ip: '192.168.29.133', os.name: 'Windows 10', os.arch: 'amd64', os.version: '10.0', java.version: '1.8.0_261'
Driver info: org.openqa.selenium.firefox.FirefoxDriver
Capabilities {acceptInsecureCerts: true, browserName: firefox, browserVersion: 85.0, javascriptEnabled: true, moz:accessibilityChecks: false, moz:buildID: 20210118153634, moz:geckodriverVersion: 0.27.0, moz:headless: false, moz:processID: 27580, moz:profile: C:\Users\shiba\AppData\Loca..., moz:shutdownTimeout: 60000, moz:useNonSpecCompliantPointerOrigin: false, moz:webdriverClick: true, pageLoadStrategy: normal, platform: WINDOWS, platformName: WINDOWS, platformVersion: 10.0, rotatable: false, setWindowRect: true, strictFileInteractability: false, timeouts: {implicit: 0, pageLoad: 300000, script: 30000}, unhandledPromptBehavior: dismiss and notify}
Session ID: d20dc9e6-ba8b-4f8e-9bb7-59ae67f31dec
	at org.openqa.selenium.remote.http.W3CHttpResponseCodec.createException(W3CHttpResponseCodec.java:187)
	at org.openqa.selenium.remote.http.W3CHttpResponseCodec.decode(W3CHttpResponseCodec.java:122)
	at org.openqa.selenium.remote.http.W3CHttpResponseCodec.decode(W3CHttpResponseCodec.java:49)
	at org.openqa.selenium.remote.HttpCommandExecutor.execute(HttpCommandExecutor.java:158)
	at org.openqa.selenium.remote.service.DriverCommandExecutor.execute(DriverCommandExecutor.java:83)
	at org.openqa.selenium.remote.RemoteWebDriver.execute(RemoteWebDriver.java:552)
	at org.openqa.selenium.remote.RemoteWebElement.execute(RemoteWebElement.java:285)
	at org.openqa.selenium.remote.RemoteWebElement.click(RemoteWebElement.java:84)
	at org.openqa.selenium.support.pagefactory.internal.LocatingElementHandler.invoke(LocatingElementHandler.java:51)
	at com.sun.proxy.$Proxy11.click(Unknown Source)
	at testcase.TC_01.tc1(TC_01.java:34)
	at java.util.concurrent.ThreadPoolExecutor.runWorker(ThreadPoolExecutor.java:1149)
	at java.util.concurrent.ThreadPoolExecutor$Worker.run(ThreadPoolExecutor.java:624)
	at java.lang.Thread.run(Thread.java:748)
... Removed 18 stack frames]]>
    </failure>
  </testcase> <!-- tc1 -->
  <testcase name="tc1" time="0.001" classname="testcase.TC_01">
    <skipped/>
  </testcase> <!-- tc1 -->
</testsuite> <!-- FirefoxTest -->
